<?xml version="1.0" encoding="UTF-8"?>
<!-- Generated by org.testng.reporters.JUnitReportReporter -->
<testsuite hostname="Sonia_Gupta" failures="0" tests="1" name="contactsTests.CreateContactWithOrganizationTest" time="24.035" errors="0" timestamp="2024-03-21T21:16:08 EDT" skipped="0">
  <testcase classname="contactsTests.CreateContactWithOrganizationTest" name="createContactWithOrgTest" time="24.035"/>
  <system-out/>
</testsuite> <!-- contactsTests.CreateContactWithOrganizationTest -->
